<?xml version="1.0" encoding="UTF-8"?>
<testsuite xmlns:xsi="http://www.w3.org/2001/XMLSchema-instance" xsi:noNamespaceSchemaLocation="https://maven.apache.org/surefire/maven-surefire-plugin/xsd/surefire-test-report-3.0.xsd" version="3.0" name="edu.bu.met.cs665.hw.OrderMementoTest" time="0" tests="1" errors="0" skipped="0" failures="0">
  <properties>
    <property name="java.specification.version" value="17"/>
    <property name="sun.jnu.encoding" value="UTF-8"/>
    <property name="java.class.path" value="/Users/qiong/Documents/GitHub/CS665_Project/target/test-classes:/Users/qiong/Documents/GitHub/CS665_Project/target/classes:/Users/qiong/.m2/repository/junit/junit/4.13.2/junit-4.13.2.jar:/Users/qiong/.m2/repository/org/hamcrest/hamcrest-core/1.3/hamcrest-core-1.3.jar:/Users/qiong/.m2/repository/org/apache/logging/log4j/log4j-core/2.19.0/log4j-core-2.19.0.jar:/Users/qiong/.m2/repository/org/apache/logging/log4j/log4j-api/2.19.0/log4j-api-2.19.0.jar:"/>
    <property name="java.vm.vendor" value="Azul Systems, Inc."/>
    <property name="sun.arch.data.model" value="64"/>
    <property name="java.vendor.url" value="http://www.azul.com/"/>
    <property name="os.name" value="Mac OS X"/>
    <property name="java.vm.specification.version" value="17"/>
    <property name="sun.java.launcher" value="SUN_STANDARD"/>
    <property name="user.country" value="US"/>
    <property name="sun.boot.library.path" value="/Users/qiong/.sdkman/candidates/java/17.0.9-zulu/zulu-17.jdk/Contents/Home/lib"/>
    <property name="sun.java.command" value="/Users/qiong/Documents/GitHub/CS665_Project/target/surefire/surefirebooter-20241202025004585_3.jar /Users/qiong/Documents/GitHub/CS665_Project/target/surefire 2024-12-02T02-50-04_483-jvmRun1 surefire-20241202025004585_1tmp surefire_0-20241202025004585_2tmp"/>
    <property name="http.nonProxyHosts" value="local|*.local|169.254/16|*.169.254/16"/>
    <property name="jdk.debug" value="release"/>
    <property name="surefire.test.class.path" value="/Users/qiong/Documents/GitHub/CS665_Project/target/test-classes:/Users/qiong/Documents/GitHub/CS665_Project/target/classes:/Users/qiong/.m2/repository/junit/junit/4.13.2/junit-4.13.2.jar:/Users/qiong/.m2/repository/org/hamcrest/hamcrest-core/1.3/hamcrest-core-1.3.jar:/Users/qiong/.m2/repository/org/apache/logging/log4j/log4j-core/2.19.0/log4j-core-2.19.0.jar:/Users/qiong/.m2/repository/org/apache/logging/log4j/log4j-api/2.19.0/log4j-api-2.19.0.jar:"/>
    <property name="sun.cpu.endian" value="little"/>
    <property name="user.home" value="/Users/qiong"/>
    <property name="user.language" value="en"/>
    <property name="java.specification.vendor" value="Oracle Corporation"/>
    <property name="java.version.date" value="2023-10-17"/>
    <property name="java.home" value="/Users/qiong/.sdkman/candidates/java/17.0.9-zulu/zulu-17.jdk/Contents/Home"/>
    <property name="file.separator" value="/"/>
    <property name="basedir" value="/Users/qiong/Documents/GitHub/CS665_Project"/>
    <property name="java.vm.compressedOopsMode" value="Zero based"/>
    <property name="line.separator" value="&#10;"/>
    <property name="java.specification.name" value="Java Platform API Specification"/>
    <property name="java.vm.specification.vendor" value="Oracle Corporation"/>
    <property name="surefire.real.class.path" value="/Users/qiong/Documents/GitHub/CS665_Project/target/surefire/surefirebooter-20241202025004585_3.jar"/>
    <property name="sun.management.compiler" value="HotSpot 64-Bit Tiered Compilers"/>
    <property name="ftp.nonProxyHosts" value="local|*.local|169.254/16|*.169.254/16"/>
    <property name="java.runtime.version" value="17.0.9+8-LTS"/>
    <property name="user.name" value="qiong"/>
    <property name="path.separator" value=":"/>
    <property name="os.version" value="14.1"/>
    <property name="java.runtime.name" value="OpenJDK Runtime Environment"/>
    <property name="file.encoding" value="UTF-8"/>
    <property name="java.vm.name" value="OpenJDK 64-Bit Server VM"/>
    <property name="java.vendor.version" value="Zulu17.46+19-CA"/>
    <property name="localRepository" value="/Users/qiong/.m2/repository"/>
    <property name="java.vendor.url.bug" value="http://www.azul.com/support/"/>
    <property name="java.io.tmpdir" value="/var/folders/g2/x2lxrmlj5jxfc11df687bydh0000gn/T/"/>
    <property name="java.version" value="17.0.9"/>
    <property name="user.dir" value="/Users/qiong/Documents/GitHub/CS665_Project"/>
    <property name="os.arch" value="aarch64"/>
    <property name="java.vm.specification.name" value="Java Virtual Machine Specification"/>
    <property name="native.encoding" value="UTF-8"/>
    <property name="java.library.path" value="/Users/qiong/Library/Java/Extensions:/Library/Java/Extensions:/Network/Library/Java/Extensions:/System/Library/Java/Extensions:/usr/lib/java:."/>
    <property name="java.vm.info" value="mixed mode, sharing"/>
    <property name="java.vendor" value="Azul Systems, Inc."/>
    <property name="java.vm.version" value="17.0.9+8-LTS"/>
    <property name="sun.io.unicode.encoding" value="UnicodeBig"/>
    <property name="socksNonProxyHosts" value="local|*.local|169.254/16|*.169.254/16"/>
    <property name="java.class.version" value="61.0"/>
  </properties>
  <testcase name="testOrderMemento" classname="edu.bu.met.cs665.hw.OrderMementoTest" time="0">
    <system-out><![CDATA[Initial Order State: Order{products=[Product{name='Laptop', price=1000.0}], logistics='Express Delivery', promotion='Black Friday Discount', totalPrice=1000.0}
Memento saved. Current history size: 1
Saved Initial State.
Modified Order State: Order{products=[Product{name='Mouse', price=25.0}], logistics='Standard Delivery', promotion='No Discount', totalPrice=25.0}
Memento saved. Current history size: 2
Saved Modified State.
Restoring memento at index: 0
Restored to Initial State: Order{products=[Product{name='Laptop', price=1000.0}], logistics='Express Delivery', promotion='Black Friday Discount', totalPrice=1000.0}
Restoring memento at index: 1
Restored to Modified State: Order{products=[Product{name='Mouse', price=25.0}], logistics='Standard Delivery', promotion='No Discount', totalPrice=25.0}
]]></system-out>
  </testcase>
</testsuite>